[ 2016-09-14T08:41:05+08:00 ] 127.0.0.1 /Hotelms/Public/e/css/comm.css
INFO: [ app_init ] --START--
INFO: Run Behavior\BuildLiteBehavior [ RunTime:0.000022s ]
INFO: [ app_init ] --END-- [ RunTime:0.000574s ]
ERR: 无法加载模块:Public

[ 2016-09-14T08:41:05+08:00 ] 127.0.0.1 /Hotelms/Public/e/css/focus.css
INFO: [ app_init ] --START--
INFO: Run Behavior\BuildLiteBehavior [ RunTime:0.000020s ]
INFO: [ app_init ] --END-- [ RunTime:0.000494s ]
ERR: 无法加载模块:Public

[ 2016-09-14T08:41:05+08:00 ] 127.0.0.1 /Hotelms/Public/home/upload/s1/articl/Hotelms/Public/home/imag/Hotelms/Public/home/2012-11/tpic_t_18225122.jpg
INFO: [ app_init ] --START--
INFO: Run Behavior\BuildLiteBehavior [ RunTime:0.000022s ]
INFO: [ app_init ] --END-- [ RunTime:0.000515s ]
ERR: 无法加载模块:Public

[ 2016-09-14T08:41:05+08:00 ] 127.0.0.1 /Hotelms/Public/home/upload/s1/articl/Hotelms/Public/home/imag/Hotelms/Public/home/2012-11/tpic_t_18143853.jpg
INFO: [ app_init ] --START--
INFO: Run Behavior\BuildLiteBehavior [ RunTime:0.000024s ]
INFO: [ app_init ] --END-- [ RunTime:0.000613s ]
ERR: 无法加载模块:Public

[ 2016-09-14T08:41:05+08:00 ] 127.0.0.1 /Hotelms/Public/home/upload/s1/articl/Hotelms/Public/home/imag/Hotelms/Public/home/2012-11/tpic_t_18143716.jpg
INFO: [ app_init ] --START--
INFO: Run Behavior\BuildLiteBehavior [ RunTime:0.000026s ]
INFO: [ app_init ] --END-- [ RunTime:0.000615s ]
ERR: 无法加载模块:Public

[ 2016-09-14T08:41:05+08:00 ] 127.0.0.1 /Hotelms/Public/home/upload/s1/articl/Hotelms/Public/home/imag/Hotelms/Public/home/2012-11/tpic_t_18143835.jpg
INFO: [ app_init ] --START--
INFO: Run Behavior\BuildLiteBehavior [ RunTime:0.000022s ]
INFO: [ app_init ] --END-- [ RunTime:0.000917s ]
ERR: 无法加载模块:Public

[ 2016-09-14T08:41:05+08:00 ] 127.0.0.1 /Hotelms/Public/home/upload/s1/articl/Hotelms/Public/home/imag/Hotelms/Public/home/2012-11/tpic_t_18143658.jpg
INFO: [ app_init ] --START--
INFO: Run Behavior\BuildLiteBehavior [ RunTime:0.000013s ]
INFO: [ app_init ] --END-- [ RunTime:0.000316s ]
ERR: 无法加载模块:Public

[ 2016-09-14T08:41:05+08:00 ] 127.0.0.1 /Hotelms/Public/home/upload/s1/articl/Hotelms/Public/home/imag/Hotelms/Public/home/2012-11/tpic_t_18143632.jpg
INFO: [ app_init ] --START--
INFO: Run Behavior\BuildLiteBehavior [ RunTime:0.000015s ]
INFO: [ app_init ] --END-- [ RunTime:0.000354s ]
ERR: 无法加载模块:Public

[ 2016-09-14T08:41:05+08:00 ] 127.0.0.1 /Hotelms/Public/home/upload/s1/articl/Hotelms/Public/home/imag/Hotelms/Public/home/2012-11/tpic_t_18143553.jpg
INFO: [ app_init ] --START--
INFO: Run Behavior\BuildLiteBehavior [ RunTime:0.000025s ]
INFO: [ app_init ] --END-- [ RunTime:0.000529s ]
ERR: 无法加载模块:Public

[ 2016-09-14T08:41:05+08:00 ] 127.0.0.1 /Hotelms/Public/home/upload/s1/articl/Hotelms/Public/home/imag/Hotelms/Public/home/2012-11/tpic_t_18143513.jpg
INFO: [ app_init ] --START--
INFO: Run Behavior\BuildLiteBehavior [ RunTime:0.000023s ]
INFO: [ app_init ] --END-- [ RunTime:0.000655s ]
ERR: 无法加载模块:Public

[ 2016-09-14T08:41:05+08:00 ] 127.0.0.1 /Hotelms/Public/home/upload/s1/fck/imag/Hotelms/Public/home/2012-11/17133202.jpg
INFO: [ app_init ] --START--
INFO: Run Behavior\BuildLiteBehavior [ RunTime:0.000021s ]
INFO: [ app_init ] --END-- [ RunTime:0.000519s ]
ERR: 无法加载模块:Public

[ 2016-09-14T08:41:10+08:00 ] 127.0.0.1 /Hotelms/Public/home/upload/s1/articl/Hotelms/Public/home/imag/Hotelms/Public/home/2012-11/tpic_t_18225122.jpg
INFO: [ app_init ] --START--
INFO: Run Behavior\BuildLiteBehavior [ RunTime:0.000024s ]
INFO: [ app_init ] --END-- [ RunTime:0.000568s ]
ERR: 无法加载模块:Public

[ 2016-09-14T08:41:10+08:00 ] 127.0.0.1 /Hotelms/Public/home/upload/s1/articl/Hotelms/Public/home/imag/Hotelms/Public/home/2012-11/tpic_t_18143853.jpg
INFO: [ app_init ] --START--
INFO: Run Behavior\BuildLiteBehavior [ RunTime:0.000022s ]
INFO: [ app_init ] --END-- [ RunTime:0.000514s ]
ERR: 无法加载模块:Public

[ 2016-09-14T08:41:10+08:00 ] 127.0.0.1 /Hotelms/Public/home/upload/s1/articl/Hotelms/Public/home/imag/Hotelms/Public/home/2012-11/tpic_t_18143835.jpg
INFO: [ app_init ] --START--
INFO: Run Behavior\BuildLiteBehavior [ RunTime:0.000021s ]
INFO: [ app_init ] --END-- [ RunTime:0.000566s ]
ERR: 无法加载模块:Public

[ 2016-09-14T08:41:10+08:00 ] 127.0.0.1 /Hotelms/Public/home/upload/s1/articl/Hotelms/Public/home/imag/Hotelms/Public/home/2012-11/tpic_t_18143716.jpg
INFO: [ app_init ] --START--
INFO: Run Behavior\BuildLiteBehavior [ RunTime:0.000022s ]
INFO: [ app_init ] --END-- [ RunTime:0.000781s ]
ERR: 无法加载模块:Public

[ 2016-09-14T08:41:10+08:00 ] 127.0.0.1 /Hotelms/Public/home/upload/s1/articl/Hotelms/Public/home/imag/Hotelms/Public/home/2012-11/tpic_t_18143632.jpg
INFO: [ app_init ] --START--
INFO: Run Behavior\BuildLiteBehavior [ RunTime:0.000022s ]
INFO: [ app_init ] --END-- [ RunTime:0.000532s ]
ERR: 无法加载模块:Public

[ 2016-09-14T08:41:10+08:00 ] 127.0.0.1 /Hotelms/Public/home/upload/s1/articl/Hotelms/Public/home/imag/Hotelms/Public/home/2012-11/tpic_t_18143658.jpg
INFO: [ app_init ] --START--
INFO: Run Behavior\BuildLiteBehavior [ RunTime:0.000022s ]
INFO: [ app_init ] --END-- [ RunTime:0.000584s ]
ERR: 无法加载模块:Public

[ 2016-09-14T08:41:10+08:00 ] 127.0.0.1 /Hotelms/Public/home/upload/s1/articl/Hotelms/Public/home/imag/Hotelms/Public/home/2012-11/tpic_t_18143553.jpg
INFO: [ app_init ] --START--
INFO: Run Behavior\BuildLiteBehavior [ RunTime:0.000023s ]
INFO: [ app_init ] --END-- [ RunTime:0.000521s ]
ERR: 无法加载模块:Public

[ 2016-09-14T08:41:10+08:00 ] 127.0.0.1 /Hotelms/Public/home/templates/jd_1/images/bg.jp
INFO: [ app_init ] --START--
INFO: Run Behavior\BuildLiteBehavior [ RunTime:0.000023s ]
INFO: [ app_init ] --END-- [ RunTime:0.000715s ]
ERR: 无法加载模块:Public

[ 2016-09-14T08:41:10+08:00 ] 127.0.0.1 /Hotelms/Public/home/upload/s1/articl/Hotelms/Public/home/imag/Hotelms/Public/home/2012-11/tpic_t_18143513.jpg
INFO: [ app_init ] --START--
INFO: Run Behavior\BuildLiteBehavior [ RunTime:0.000050s ]
INFO: [ app_init ] --END-- [ RunTime:0.000665s ]
ERR: 无法加载模块:Public

[ 2016-09-14T08:41:10+08:00 ] 127.0.0.1 /Hotelms/Public/home/templates/jd_1/images/cbg.jp
INFO: [ app_init ] --START--
INFO: Run Behavior\BuildLiteBehavior [ RunTime:0.000023s ]
INFO: [ app_init ] --END-- [ RunTime:0.000593s ]
ERR: 无法加载模块:Public

[ 2016-09-14T08:41:10+08:00 ] 127.0.0.1 /Hotelms/Public/home/upload/s1/fck/imag/Hotelms/Public/home/2012-11/17133202.jpg
INFO: [ app_init ] --START--
INFO: Run Behavior\BuildLiteBehavior [ RunTime:0.000015s ]
INFO: [ app_init ] --END-- [ RunTime:0.000372s ]
ERR: 无法加载模块:Public

[ 2016-09-14T08:41:10+08:00 ] 127.0.0.1 /Hotelms/Public/home/templates/jd_1/images/bottom.jp
INFO: [ app_init ] --START--
INFO: Run Behavior\BuildLiteBehavior [ RunTime:0.000015s ]
INFO: [ app_init ] --END-- [ RunTime:0.000370s ]
ERR: 无法加载模块:Public

[ 2016-09-14T08:41:47+08:00 ] 127.0.0.1 /Hotelms/Public/e/css/focus.css
INFO: [ app_init ] --START--
INFO: Run Behavior\BuildLiteBehavior [ RunTime:0.000023s ]
INFO: [ app_init ] --END-- [ RunTime:0.000519s ]
ERR: 无法加载模块:Public

[ 2016-09-14T08:41:47+08:00 ] 127.0.0.1 /Hotelms/Public/e/css/comm.css
INFO: [ app_init ] --START--
INFO: Run Behavior\BuildLiteBehavior [ RunTime:0.000022s ]
INFO: [ app_init ] --END-- [ RunTime:0.000507s ]
ERR: 无法加载模块:Public

[ 2016-09-14T08:45:42+08:00 ] 127.0.0.1 /Hotelms/Public/e/css/comm.css
INFO: [ app_init ] --START--
INFO: Run Behavior\BuildLiteBehavior [ RunTime:0.000030s ]
INFO: [ app_init ] --END-- [ RunTime:0.000561s ]
ERR: 无法加载模块:Public

[ 2016-09-14T08:45:42+08:00 ] 127.0.0.1 /Hotelms/Public/e/css/focus.css
INFO: [ app_init ] --START--
INFO: Run Behavior\BuildLiteBehavior [ RunTime:0.000089s ]
INFO: [ app_init ] --END-- [ RunTime:0.001311s ]
ERR: 无法加载模块:Public

[ 2016-09-14T08:45:47+08:00 ] 127.0.0.1 /Hotelms/Public/home/templates/jd_1/images/bg.jp
INFO: [ app_init ] --START--
INFO: Run Behavior\BuildLiteBehavior [ RunTime:0.000023s ]
INFO: [ app_init ] --END-- [ RunTime:0.000551s ]
ERR: 无法加载模块:Public

[ 2016-09-14T08:45:47+08:00 ] 127.0.0.1 /Hotelms/Public/home/templates/jd_1/images/cbg.jp
INFO: [ app_init ] --START--
INFO: Run Behavior\BuildLiteBehavior [ RunTime:0.000024s ]
INFO: [ app_init ] --END-- [ RunTime:0.000589s ]
ERR: 无法加载模块:Public

[ 2016-09-14T08:45:47+08:00 ] 127.0.0.1 /Hotelms/Public/home/templates/jd_1/images/bottom.jp
INFO: [ app_init ] --START--
INFO: Run Behavior\BuildLiteBehavior [ RunTime:0.000028s ]
INFO: [ app_init ] --END-- [ RunTime:0.000687s ]
ERR: 无法加载模块:Public

[ 2016-09-14T08:45:59+08:00 ] 127.0.0.1 /Hotelms/jdkf/
INFO: [ app_init ] --START--
INFO: Run Behavior\BuildLiteBehavior [ RunTime:0.000033s ]
INFO: [ app_init ] --END-- [ RunTime:0.000553s ]
ERR: 无法加载模块:Jdkf

[ 2016-09-14T08:46:11+08:00 ] 127.0.0.1 /Hotelms/Public/e/css/comm.css
INFO: [ app_init ] --START--
INFO: Run Behavior\BuildLiteBehavior [ RunTime:0.000032s ]
INFO: [ app_init ] --END-- [ RunTime:0.000500s ]
ERR: 无法加载模块:Public

[ 2016-09-14T08:46:11+08:00 ] 127.0.0.1 /Hotelms/Public/e/css/focus.css
INFO: [ app_init ] --START--
INFO: Run Behavior\BuildLiteBehavior [ RunTime:0.000018s ]
INFO: [ app_init ] --END-- [ RunTime:0.000445s ]
ERR: 无法加载模块:Public

[ 2016-09-14T08:46:11+08:00 ] 127.0.0.1 /Hotelms/Public/home/templates/jd_1/images/cbg.jp
INFO: [ app_init ] --START--
INFO: Run Behavior\BuildLiteBehavior [ RunTime:0.000022s ]
INFO: [ app_init ] --END-- [ RunTime:0.000519s ]
ERR: 无法加载模块:Public

[ 2016-09-14T08:46:11+08:00 ] 127.0.0.1 /Hotelms/Public/home/templates/jd_1/images/bg.jp
INFO: [ app_init ] --START--
INFO: Run Behavior\BuildLiteBehavior [ RunTime:0.000027s ]
INFO: [ app_init ] --END-- [ RunTime:0.000624s ]
ERR: 无法加载模块:Public

[ 2016-09-14T08:46:11+08:00 ] 127.0.0.1 /Hotelms/Public/home/templates/jd_1/images/bottom.jp
INFO: [ app_init ] --START--
INFO: Run Behavior\BuildLiteBehavior [ RunTime:0.000029s ]
INFO: [ app_init ] --END-- [ RunTime:0.000631s ]
ERR: 无法加载模块:Public

[ 2016-09-14T08:50:19+08:00 ] 127.0.0.1 /Hotelms/Public/e/css/comm.css
INFO: [ app_init ] --START--
INFO: Run Behavior\BuildLiteBehavior [ RunTime:0.000015s ]
INFO: [ app_init ] --END-- [ RunTime:0.000401s ]
ERR: 无法加载模块:Public

[ 2016-09-14T08:50:19+08:00 ] 127.0.0.1 /Hotelms/Public/e/css/focus.css
INFO: [ app_init ] --START--
INFO: Run Behavior\BuildLiteBehavior [ RunTime:0.000014s ]
INFO: [ app_init ] --END-- [ RunTime:0.000382s ]
ERR: 无法加载模块:Public

[ 2016-09-14T08:50:19+08:00 ] 127.0.0.1 /Hotelms/Public/home/templates/jd_1/images/cbg.jp
INFO: [ app_init ] --START--
INFO: Run Behavior\BuildLiteBehavior [ RunTime:0.000045s ]
INFO: [ app_init ] --END-- [ RunTime:0.001003s ]
ERR: 无法加载模块:Public

[ 2016-09-14T08:50:19+08:00 ] 127.0.0.1 /Hotelms/Public/home/templates/jd_1/images/bg.jp
INFO: [ app_init ] --START--
INFO: Run Behavior\BuildLiteBehavior [ RunTime:0.000024s ]
INFO: [ app_init ] --END-- [ RunTime:0.001412s ]
ERR: 无法加载模块:Public

[ 2016-09-14T08:50:19+08:00 ] 127.0.0.1 /Hotelms/Public/home/templates/jd_1/images/bottom.jp
INFO: [ app_init ] --START--
INFO: Run Behavior\BuildLiteBehavior [ RunTime:0.000031s ]
INFO: [ app_init ] --END-- [ RunTime:0.001400s ]
ERR: 无法加载模块:Public

[ 2016-09-14T08:51:32+08:00 ] 127.0.0.1 /Hotelms/Public/e/css/focus.css
INFO: [ app_init ] --START--
INFO: Run Behavior\BuildLiteBehavior [ RunTime:0.000015s ]
INFO: [ app_init ] --END-- [ RunTime:0.000401s ]
ERR: 无法加载模块:Public

[ 2016-09-14T08:51:32+08:00 ] 127.0.0.1 /Hotelms/Public/e/css/comm.css
INFO: [ app_init ] --START--
INFO: Run Behavior\BuildLiteBehavior [ RunTime:0.000014s ]
INFO: [ app_init ] --END-- [ RunTime:0.000400s ]
ERR: 无法加载模块:Public

[ 2016-09-14T08:51:32+08:00 ] 127.0.0.1 /Hotelms/Public../Public/uploads/2016-09-13/57d79f93261f9.jpg
INFO: [ app_init ] --START--
INFO: Run Behavior\BuildLiteBehavior [ RunTime:0.000023s ]
INFO: [ app_init ] --END-- [ RunTime:0.000527s ]
ERR: 无法加载模块:Public

[ 2016-09-14T08:51:32+08:00 ] 127.0.0.1 /Hotelms/Public../Public/uploads/2016-09-13/57d79fc4bc30c.jpg
INFO: [ app_init ] --START--
INFO: Run Behavior\BuildLiteBehavior [ RunTime:0.000023s ]
INFO: [ app_init ] --END-- [ RunTime:0.000536s ]
ERR: 无法加载模块:Public

[ 2016-09-14T08:51:32+08:00 ] 127.0.0.1 /Hotelms/Public../Public/uploads/2016-09-13/57d7e6be64fa3.jpg
INFO: [ app_init ] --START--
INFO: Run Behavior\BuildLiteBehavior [ RunTime:0.000023s ]
INFO: [ app_init ] --END-- [ RunTime:0.000527s ]
ERR: 无法加载模块:Public

[ 2016-09-14T08:51:32+08:00 ] 127.0.0.1 /Hotelms/Public../Public/uploads/2016-09-13/57d76c347d7bc.jpg
INFO: [ app_init ] --START--
INFO: Run Behavior\BuildLiteBehavior [ RunTime:0.000025s ]
INFO: [ app_init ] --END-- [ RunTime:0.000588s ]
ERR: 无法加载模块:Public

[ 2016-09-14T08:51:32+08:00 ] 127.0.0.1 /Hotelms/Public../Public/uploads/2016-09-13/57d762ebcfeb4.jpg
INFO: [ app_init ] --START--
INFO: Run Behavior\BuildLiteBehavior [ RunTime:0.000027s ]
INFO: [ app_init ] --END-- [ RunTime:0.000858s ]
ERR: 无法加载模块:Public

[ 2016-09-14T08:51:32+08:00 ] 127.0.0.1 /Hotelms/Public../Public/uploads/2016-09-13/57d7eb4d458b7.jpg
INFO: [ app_init ] --START--
INFO: Run Behavior\BuildLiteBehavior [ RunTime:0.000022s ]
INFO: [ app_init ] --END-- [ RunTime:0.000529s ]
ERR: 无法加载模块:Public

[ 2016-09-14T08:51:32+08:00 ] 127.0.0.1 /Hotelms/Public../Public/uploads/2016-09-13/57d79f93261f9.jpg
INFO: [ app_init ] --START--
INFO: Run Behavior\BuildLiteBehavior [ RunTime:0.000015s ]
INFO: [ app_init ] --END-- [ RunTime:0.000403s ]
ERR: 无法加载模块:Public

[ 2016-09-14T08:51:32+08:00 ] 127.0.0.1 /Hotelms/Public../Public/uploads/2016-09-13/57d79fc4bc30c.jpg
INFO: [ app_init ] --START--
INFO: Run Behavior\BuildLiteBehavior [ RunTime:0.000014s ]
INFO: [ app_init ] --END-- [ RunTime:0.000351s ]
ERR: 无法加载模块:Public

[ 2016-09-14T08:51:32+08:00 ] 127.0.0.1 /Hotelms/Public../Public/uploads/2016-09-13/57d7e6be64fa3.jpg
INFO: [ app_init ] --START--
INFO: Run Behavior\BuildLiteBehavior [ RunTime:0.000022s ]
INFO: [ app_init ] --END-- [ RunTime:0.000522s ]
ERR: 无法加载模块:Public

[ 2016-09-14T08:51:32+08:00 ] 127.0.0.1 /Hotelms/Public../Public/uploads/2016-09-13/57d76c347d7bc.jpg
INFO: [ app_init ] --START--
INFO: Run Behavior\BuildLiteBehavior [ RunTime:0.000020s ]
INFO: [ app_init ] --END-- [ RunTime:0.000508s ]
ERR: 无法加载模块:Public

[ 2016-09-14T08:51:32+08:00 ] 127.0.0.1 /Hotelms/Public/home/templates/jd_1/images/bg.jp
INFO: [ app_init ] --START--
INFO: Run Behavior\BuildLiteBehavior [ RunTime:0.000025s ]
INFO: [ app_init ] --END-- [ RunTime:0.000694s ]
ERR: 无法加载模块:Public

[ 2016-09-14T08:51:32+08:00 ] 127.0.0.1 /Hotelms/Public/home/templates/jd_1/images/cbg.jp
INFO: [ app_init ] --START--
INFO: Run Behavior\BuildLiteBehavior [ RunTime:0.000025s ]
INFO: [ app_init ] --END-- [ RunTime:0.001489s ]
ERR: 无法加载模块:Public

[ 2016-09-14T08:51:32+08:00 ] 127.0.0.1 /Hotelms/Public../Public/uploads/2016-09-13/57d762ebcfeb4.jpg
INFO: [ app_init ] --START--
INFO: Run Behavior\BuildLiteBehavior [ RunTime:0.000023s ]
INFO: [ app_init ] --END-- [ RunTime:0.000542s ]
ERR: 无法加载模块:Public

[ 2016-09-14T08:51:32+08:00 ] 127.0.0.1 /Hotelms/Public../Public/uploads/2016-09-13/57d7eb4d458b7.jpg
INFO: [ app_init ] --START--
INFO: Run Behavior\BuildLiteBehavior [ RunTime:0.000022s ]
INFO: [ app_init ] --END-- [ RunTime:0.000534s ]
ERR: 无法加载模块:Public

[ 2016-09-14T08:51:32+08:00 ] 127.0.0.1 /Hotelms/Public../Public/uploads/2016-09-13/57d79fc4bc30c.jpg
INFO: [ app_init ] --START--
INFO: Run Behavior\BuildLiteBehavior [ RunTime:0.000026s ]
INFO: [ app_init ] --END-- [ RunTime:0.000590s ]
ERR: 无法加载模块:Public

[ 2016-09-14T08:51:32+08:00 ] 127.0.0.1 /Hotelms/Public/home/templates/jd_1/images/bottom.jp
INFO: [ app_init ] --START--
INFO: Run Behavior\BuildLiteBehavior [ RunTime:0.000034s ]
INFO: [ app_init ] --END-- [ RunTime:0.002784s ]
ERR: 无法加载模块:Public

[ 2016-09-14T08:51:32+08:00 ] 127.0.0.1 /Hotelms/Public../Public/uploads/2016-09-13/57d79f93261f9.jpg
INFO: [ app_init ] --START--
INFO: Run Behavior\BuildLiteBehavior [ RunTime:0.000024s ]
INFO: [ app_init ] --END-- [ RunTime:0.000699s ]
ERR: 无法加载模块:Public

[ 2016-09-14T08:51:58+08:00 ] 127.0.0.1 /Hotelms/Public/e/css/comm.css
INFO: [ app_init ] --START--
INFO: Run Behavior\BuildLiteBehavior [ RunTime:0.000026s ]
INFO: [ app_init ] --END-- [ RunTime:0.000550s ]
ERR: 无法加载模块:Public

[ 2016-09-14T08:51:58+08:00 ] 127.0.0.1 /Hotelms/Public/e/css/focus.css
INFO: [ app_init ] --START--
INFO: Run Behavior\BuildLiteBehavior [ RunTime:0.000021s ]
INFO: [ app_init ] --END-- [ RunTime:0.000625s ]
ERR: 无法加载模块:Public

[ 2016-09-14T08:51:58+08:00 ] 127.0.0.1 /Hotelms/Public/home/templates/jd_1/images/bg.jp
INFO: [ app_init ] --START--
INFO: Run Behavior\BuildLiteBehavior [ RunTime:0.000030s ]
INFO: [ app_init ] --END-- [ RunTime:0.000582s ]
ERR: 无法加载模块:Public

[ 2016-09-14T08:51:58+08:00 ] 127.0.0.1 /Hotelms/Public/home/templates/jd_1/images/bottom.jp
INFO: [ app_init ] --START--
INFO: Run Behavior\BuildLiteBehavior [ RunTime:0.000024s ]
INFO: [ app_init ] --END-- [ RunTime:0.000618s ]
ERR: 无法加载模块:Public

[ 2016-09-14T08:51:58+08:00 ] 127.0.0.1 /Hotelms/Public/home/templates/jd_1/images/cbg.jp
INFO: [ app_init ] --START--
INFO: Run Behavior\BuildLiteBehavior [ RunTime:0.000069s ]
INFO: [ app_init ] --END-- [ RunTime:0.003528s ]
ERR: 无法加载模块:Public

[ 2016-09-14T08:58:32+08:00 ] 127.0.0.1 /Hotelms/Public/e/css/focus.css
INFO: [ app_init ] --START--
INFO: Run Behavior\BuildLiteBehavior [ RunTime:0.000016s ]
INFO: [ app_init ] --END-- [ RunTime:0.000431s ]
ERR: 无法加载模块:Public

[ 2016-09-14T08:58:32+08:00 ] 127.0.0.1 /Hotelms/Public/home/templates/jd_1/images/cbg.jp
INFO: [ app_init ] --START--
INFO: Run Behavior\BuildLiteBehavior [ RunTime:0.000021s ]
INFO: [ app_init ] --END-- [ RunTime:0.000495s ]
ERR: 无法加载模块:Public

[ 2016-09-14T08:58:32+08:00 ] 127.0.0.1 /Hotelms/Public/home/templates/jd_1/images/bg.jp
INFO: [ app_init ] --START--
INFO: Run Behavior\BuildLiteBehavior [ RunTime:0.000013s ]
INFO: [ app_init ] --END-- [ RunTime:0.000510s ]
ERR: 无法加载模块:Public

[ 2016-09-14T08:58:32+08:00 ] 127.0.0.1 /Hotelms/Public/home/templates/jd_1/images/bottom.jp
INFO: [ app_init ] --START--
INFO: Run Behavior\BuildLiteBehavior [ RunTime:0.000030s ]
INFO: [ app_init ] --END-- [ RunTime:0.000756s ]
ERR: 无法加载模块:Public

[ 2016-09-14T09:10:05+08:00 ] 127.0.0.1 /Hotelms/Public/e/css/comm.css
INFO: [ app_init ] --START--
INFO: Run Behavior\BuildLiteBehavior [ RunTime:0.000033s ]
INFO: [ app_init ] --END-- [ RunTime:0.000570s ]
ERR: 无法加载模块:Public

[ 2016-09-14T09:10:05+08:00 ] 127.0.0.1 /Hotelms/Public/e/css/focus.css
INFO: [ app_init ] --START--
INFO: Run Behavior\BuildLiteBehavior [ RunTime:0.000032s ]
INFO: [ app_init ] --END-- [ RunTime:0.000703s ]
ERR: 无法加载模块:Public

[ 2016-09-14T09:10:06+08:00 ] 127.0.0.1 /Hotelms/Public/home/templates/jd_1/images/cbg.jp
INFO: [ app_init ] --START--
INFO: Run Behavior\BuildLiteBehavior [ RunTime:0.000027s ]
INFO: [ app_init ] --END-- [ RunTime:0.000579s ]
ERR: 无法加载模块:Public

[ 2016-09-14T09:10:06+08:00 ] 127.0.0.1 /Hotelms/Public/home/templates/jd_1/images/bg.jp
INFO: [ app_init ] --START--
INFO: Run Behavior\BuildLiteBehavior [ RunTime:0.000021s ]
INFO: [ app_init ] --END-- [ RunTime:0.000637s ]
ERR: 无法加载模块:Public

[ 2016-09-14T09:10:06+08:00 ] 127.0.0.1 /Hotelms/Public/home/templates/jd_1/images/bottom.jp
INFO: [ app_init ] --START--
INFO: Run Behavior\BuildLiteBehavior [ RunTime:0.000021s ]
INFO: [ app_init ] --END-- [ RunTime:0.000563s ]
ERR: 无法加载模块:Public

[ 2016-09-14T09:25:06+08:00 ] 127.0.0.1 /Hotelms/Public/e/css/comm.css
INFO: [ app_init ] --START--
INFO: Run Behavior\BuildLiteBehavior [ RunTime:0.000024s ]
INFO: [ app_init ] --END-- [ RunTime:0.000612s ]
ERR: 无法加载模块:Public

[ 2016-09-14T09:25:06+08:00 ] 127.0.0.1 /Hotelms/Public/e/css/focus.css
INFO: [ app_init ] --START--
INFO: Run Behavior\BuildLiteBehavior [ RunTime:0.000017s ]
INFO: [ app_init ] --END-- [ RunTime:0.000490s ]
ERR: 无法加载模块:Public

[ 2016-09-14T19:38:10+08:00 ] 127.0.0.1 /Hotelms/Public/e/css/comm.css
INFO: [ app_init ] --START--
INFO: Run Behavior\BuildLiteBehavior [ RunTime:0.000014s ]
INFO: [ app_init ] --END-- [ RunTime:0.000348s ]
ERR: 无法加载模块:Public

[ 2016-09-14T19:38:10+08:00 ] 127.0.0.1 /Hotelms/Public/e/css/focus.css
INFO: [ app_init ] --START--
INFO: Run Behavior\BuildLiteBehavior [ RunTime:0.000020s ]
INFO: [ app_init ] --END-- [ RunTime:0.000506s ]
ERR: 无法加载模块:Public

[ 2016-09-14T19:38:16+08:00 ] 127.0.0.1 /Hotelms/Public/home/templates/jd_1/images/bg.jp
INFO: [ app_init ] --START--
INFO: Run Behavior\BuildLiteBehavior [ RunTime:0.000026s ]
INFO: [ app_init ] --END-- [ RunTime:0.000606s ]
ERR: 无法加载模块:Public

[ 2016-09-14T19:38:16+08:00 ] 127.0.0.1 /Hotelms/Public/home/templates/jd_1/images/cbg.jp
INFO: [ app_init ] --START--
INFO: Run Behavior\BuildLiteBehavior [ RunTime:0.000015s ]
INFO: [ app_init ] --END-- [ RunTime:0.000411s ]
ERR: 无法加载模块:Public

[ 2016-09-14T19:38:16+08:00 ] 127.0.0.1 /Hotelms/Public/home/templates/jd_1/images/bottom.jp
INFO: [ app_init ] --START--
INFO: Run Behavior\BuildLiteBehavior [ RunTime:0.000015s ]
INFO: [ app_init ] --END-- [ RunTime:0.000356s ]
ERR: 无法加载模块:Public

[ 2016-09-14T21:15:36+08:00 ] 127.0.0.1 /Hotelms/Public/e/css/comm.css
INFO: [ app_init ] --START--
INFO: Run Behavior\BuildLiteBehavior [ RunTime:0.000025s ]
INFO: [ app_init ] --END-- [ RunTime:0.000540s ]
ERR: 无法加载模块:Public


[ 2016-09-14T21:15:41+08:00 ] 127.0.0.1 /Hotelms/Public/home/templates/jd_1/images/cbg.jp
INFO: [ app_init ] --START--
INFO: Run Behavior\BuildLiteBehavior [ RunTime:0.000036s ]
INFO: [ app_init ] --END-- [ RunTime:0.001355s ]
ERR: 无法加载模块:Public

[ 2016-09-14T21:15:41+08:00 ] 127.0.0.1 /Hotelms/Public/home/templates/jd_1/images/bg.jp
INFO: [ app_init ] --START--
INFO: Run Behavior\BuildLiteBehavior [ RunTime:0.000019s ]
INFO: [ app_init ] --END-- [ RunTime:0.000563s ]
ERR: 无法加载模块:Public

[ 2016-09-14T21:15:42+08:00 ] 127.0.0.1 /Hotelms/Public/home/templates/jd_1/images/bottom.jp
INFO: [ app_init ] --START--
INFO: Run Behavior\BuildLiteBehavior [ RunTime:0.000019s ]
INFO: [ app_init ] --END-- [ RunTime:0.000488s ]
ERR: 无法加载模块:Public

[ 2016-09-14T21:16:08+08:00 ] 127.0.0.1 /Hotelms/index.html
INFO: [ app_init ] --START--
INFO: Run Behavior\BuildLiteBehavior [ RunTime:0.000015s ]
INFO: [ app_init ] --END-- [ RunTime:0.000357s ]
ERR: 无法加载模块:Index

