[ 2016-09-12T16:45:42+08:00 ] 127.0.0.1 /Hotelms/index.php/allMeetings.html
INFO: [ app_init ] --START--
INFO: Run Behavior\BuildLiteBehavior [ RunTime:0.000041s ]
INFO: [ app_init ] --END-- [ RunTime:0.001114s ]
ERR: 无法加载模块:AllMeetings

[ 2016-09-12T17:07:39+08:00 ] 127.0.0.1 /Hotelms/allNewses.html
INFO: [ app_init ] --START--
INFO: Run Behavior\BuildLiteBehavior [ RunTime:0.000046s ]
INFO: [ app_init ] --END-- [ RunTime:0.001504s ]
ERR: 无法加载模块:AllNewses

[ 2016-09-12T17:08:07+08:00 ] 127.0.0.1 /Hotelms/allMeetings.html
INFO: [ app_init ] --START--
INFO: Run Behavior\BuildLiteBehavior [ RunTime:0.000045s ]
INFO: [ app_init ] --END-- [ RunTime:0.001563s ]
ERR: 无法加载模块:AllMeetings

[ 2016-09-12T17:18:03+08:00 ] 127.0.0.1 /Hotelms/allMeetings.html
INFO: [ app_init ] --START--
INFO: Run Behavior\BuildLiteBehavior [ RunTime:0.000027s ]
INFO: [ app_init ] --END-- [ RunTime:0.000770s ]
ERR: 无法加载模块:AllMeetings

