[ 2016-12-18T22:41:52+08:00 ] 127.0.0.1 /Hotelms/Public/1.jpg
INFO: [ app_init ] --START--
INFO: Run Behavior\BuildLiteBehavior [ RunTime:0.000016s ]
INFO: [ app_init ] --END-- [ RunTime:0.000659s ]
ERR: 无法加载模块:Public

[ 2016-12-18T22:41:52+08:00 ] 127.0.0.1 /Hotelms/Public/e/css/comm.css
INFO: [ app_init ] --START--
INFO: Run Behavior\BuildLiteBehavior [ RunTime:0.000075s ]
INFO: [ app_init ] --END-- [ RunTime:0.001068s ]
ERR: 无法加载模块:Public

[ 2016-12-18T22:41:52+08:00 ] 127.0.0.1 /Hotelms/Public/e/css/focus.css
INFO: [ app_init ] --START--
INFO: Run Behavior\BuildLiteBehavior [ RunTime:0.000041s ]
INFO: [ app_init ] --END-- [ RunTime:0.000854s ]
ERR: 无法加载模块:Public

[ 2016-12-18T22:41:52+08:00 ] 127.0.0.1 /Hotelms/Public/1.jpg
INFO: [ app_init ] --START--
INFO: Run Behavior\BuildLiteBehavior [ RunTime:0.000019s ]
INFO: [ app_init ] --END-- [ RunTime:0.000591s ]
ERR: 无法加载模块:Public

[ 2016-12-18T22:41:52+08:00 ] 127.0.0.1 /Hotelms/Public/home/templates/jd_1/images/bg.jp
INFO: [ app_init ] --START--
INFO: Run Behavior\BuildLiteBehavior [ RunTime:0.000017s ]
INFO: [ app_init ] --END-- [ RunTime:0.000540s ]
ERR: 无法加载模块:Public

[ 2016-12-18T22:41:52+08:00 ] 127.0.0.1 /Hotelms/Public/home/templates/jd_1/images/cbg.jp
INFO: [ app_init ] --START--
INFO: Run Behavior\BuildLiteBehavior [ RunTime:0.000017s ]
INFO: [ app_init ] --END-- [ RunTime:0.000607s ]
ERR: 无法加载模块:Public

[ 2016-12-18T22:41:53+08:00 ] 127.0.0.1 /Hotelms/Public/home/templates/jd_1/images/bottom.jp
INFO: [ app_init ] --START--
INFO: Run Behavior\BuildLiteBehavior [ RunTime:0.000017s ]
INFO: [ app_init ] --END-- [ RunTime:0.000634s ]
ERR: 无法加载模块:Public

[ 2016-12-18T22:41:53+08:00 ] 127.0.0.1 /Hotelms/Public/1.jpg
INFO: [ app_init ] --START--
INFO: Run Behavior\BuildLiteBehavior [ RunTime:0.000028s ]
INFO: [ app_init ] --END-- [ RunTime:0.000688s ]
ERR: 无法加载模块:Public

[ 2016-12-18T22:42:16+08:00 ] 127.0.0.1 /Hotelms/index.html
INFO: [ app_init ] --START--
INFO: Run Behavior\BuildLiteBehavior [ RunTime:0.000017s ]
INFO: [ app_init ] --END-- [ RunTime:0.000593s ]
ERR: 无法加载模块:Index

[ 2016-12-18T22:42:18+08:00 ] 127.0.0.1 /Hotelms/Public/1.jpg
INFO: [ app_init ] --START--
INFO: Run Behavior\BuildLiteBehavior [ RunTime:0.000018s ]
INFO: [ app_init ] --END-- [ RunTime:0.000567s ]
ERR: 无法加载模块:Public

[ 2016-12-18T22:49:18+08:00 ] 127.0.0.1 /Hotelms/Public/e/css/comm.css
INFO: [ app_init ] --START--
INFO: Run Behavior\BuildLiteBehavior [ RunTime:0.000029s ]
INFO: [ app_init ] --END-- [ RunTime:0.001330s ]
ERR: 无法加载模块:Public

[ 2016-12-18T22:49:18+08:00 ] 127.0.0.1 /Hotelms/Public/uploads/2016-09-13/57d79fc4bc30c.jpg
INFO: [ app_init ] --START--
INFO: Run Behavior\BuildLiteBehavior [ RunTime:0.000027s ]
INFO: [ app_init ] --END-- [ RunTime:0.000922s ]
ERR: 无法加载模块:Public

[ 2016-12-18T22:49:18+08:00 ] 127.0.0.1 /Hotelms/Public/uploads/2016-09-13/57d79f93261f9.jpg
INFO: [ app_init ] --START--
INFO: Run Behavior\BuildLiteBehavior [ RunTime:0.000025s ]
INFO: [ app_init ] --END-- [ RunTime:0.001608s ]
ERR: 无法加载模块:Public

[ 2016-12-18T22:49:18+08:00 ] 127.0.0.1 /Hotelms/Public/uploads/2016-09-13/57d7e6be64fa3.jpg
INFO: [ app_init ] --START--
INFO: Run Behavior\BuildLiteBehavior [ RunTime:0.000019s ]
INFO: [ app_init ] --END-- [ RunTime:0.000668s ]
ERR: 无法加载模块:Public

[ 2016-12-18T22:49:18+08:00 ] 127.0.0.1 /Hotelms/Public/e/css/focus.css
INFO: [ app_init ] --START--
INFO: Run Behavior\BuildLiteBehavior [ RunTime:0.000017s ]
INFO: [ app_init ] --END-- [ RunTime:0.000603s ]
ERR: 无法加载模块:Public

[ 2016-12-18T22:49:19+08:00 ] 127.0.0.1 /Hotelms/Public/uploads/2016-09-13/57d79fc4bc30c.jpg
INFO: [ app_init ] --START--
INFO: Run Behavior\BuildLiteBehavior [ RunTime:0.000026s ]
INFO: [ app_init ] --END-- [ RunTime:0.001018s ]
ERR: 无法加载模块:Public

[ 2016-12-18T22:49:19+08:00 ] 127.0.0.1 /Hotelms/Public/uploads/2016-09-13/57d7e6be64fa3.jpg
INFO: [ app_init ] --START--
INFO: Run Behavior\BuildLiteBehavior [ RunTime:0.000029s ]
INFO: [ app_init ] --END-- [ RunTime:0.000902s ]
ERR: 无法加载模块:Public

[ 2016-12-18T22:49:19+08:00 ] 127.0.0.1 /Hotelms/Public/uploads/2016-09-13/57d79f93261f9.jpg
INFO: [ app_init ] --START--
INFO: Run Behavior\BuildLiteBehavior [ RunTime:0.000022s ]
INFO: [ app_init ] --END-- [ RunTime:0.000740s ]
ERR: 无法加载模块:Public

[ 2016-12-18T22:49:19+08:00 ] 127.0.0.1 /Hotelms/Public/home/templates/jd_1/images/bg.jp
INFO: [ app_init ] --START--
INFO: Run Behavior\BuildLiteBehavior [ RunTime:0.000030s ]
INFO: [ app_init ] --END-- [ RunTime:0.001014s ]
ERR: 无法加载模块:Public

[ 2016-12-18T22:49:19+08:00 ] 127.0.0.1 /Hotelms/Public/home/templates/jd_1/images/cbg.jp
INFO: [ app_init ] --START--
INFO: Run Behavior\BuildLiteBehavior [ RunTime:0.000025s ]
INFO: [ app_init ] --END-- [ RunTime:0.001000s ]
ERR: 无法加载模块:Public

[ 2016-12-18T22:49:19+08:00 ] 127.0.0.1 /Hotelms/Public/home/templates/jd_1/images/bottom.jp
INFO: [ app_init ] --START--
INFO: Run Behavior\BuildLiteBehavior [ RunTime:0.000017s ]
INFO: [ app_init ] --END-- [ RunTime:0.000577s ]
ERR: 无法加载模块:Public

[ 2016-12-18T22:49:20+08:00 ] 127.0.0.1 /Hotelms/about/
INFO: [ app_init ] --START--
INFO: Run Behavior\BuildLiteBehavior [ RunTime:0.000022s ]
INFO: [ app_init ] --END-- [ RunTime:0.000623s ]
ERR: 无法加载模块:About

